<?xml version="1.0" encoding="UTF-8"?>
<!-- Generated by org.testng.reporters.JUnitReportReporter -->
<testsuite hostname="Mehedi" failures="0" tests="1" name="com.mehedi.hasan.tests.logInTest" time="24.261" errors="0" timestamp="2025-04-19T04:23:55 BDT" skipped="0">
  <testcase classname="com.mehedi.hasan.tests.logInTest" name="LogInTest" time="24.261"/>
</testsuite> <!-- com.mehedi.hasan.tests.logInTest -->
