<?xml version="1.0" encoding="UTF-8"?>
<!-- Generated by org.testng.reporters.JUnitReportReporter -->
<testsuite hostname="Mehedi" failures="0" tests="1" name="com.mehedi.hasan.tests.signInTest" time="30.074" errors="0" timestamp="2025-04-19T04:23:55 BDT" skipped="0">
  <testcase classname="com.mehedi.hasan.tests.signInTest" name="signInBook" time="30.074"/>
</testsuite> <!-- com.mehedi.hasan.tests.signInTest -->
