<?xml version="1.0" encoding="UTF-8"?>
<!-- Generated by org.testng.reporters.JUnitReportReporter -->
<testsuite hostname="Mehedi" failures="0" tests="1" name="com.mehedi.hasan.tests.newuserTest" time="10.736" errors="0" timestamp="2025-04-18T17:04:34 BDT" skipped="0">
  <testcase classname="com.mehedi.hasan.tests.newuserTest" name="newuserReg" time="10.736"/>
</testsuite> <!-- com.mehedi.hasan.tests.newuserTest -->
